This file contains any messages produced by compilers while
running configure, to aid debugging if configure makes a mistake.

It was created by configure, which was
generated by GNU Autoconf 2.69.  Invocation command line was

  $ ./configure --prefix=/home/jiangxin/gchattest/

## --------- ##
## Platform. ##
## --------- ##

hostname = ubuntu
uname -m = i686
uname -r = 3.8.0-35-generic
uname -s = Linux
uname -v = #50-Ubuntu SMP Tue Dec 3 01:25:33 UTC 2013

/usr/bin/uname -p = unknown
/bin/uname -X     = unknown

/bin/arch              = unknown
/usr/bin/arch -k       = unknown
/usr/convex/getsysinfo = unknown
/usr/bin/hostinfo      = unknown
/bin/machine           = unknown
/usr/bin/oslevel       = unknown
/bin/universe          = unknown

PATH: /usr/lib/lightdm/lightdm
PATH: /usr/local/sbin
PATH: /usr/local/bin
PATH: /usr/sbin
PATH: /usr/bin
PATH: /sbin
PATH: /bin
PATH: /usr/games
PATH: /usr/local/games
PATH: /usr/lib/jvm/jdk1.7.0_51/bin


## ----------- ##
## Core tests. ##
## ----------- ##

configure:2218: checking for a BSD-compatible install
configure:2286: result: /usr/bin/install -c
configure:2297: checking whether build environment is sane
configure:2347: result: yes
configure:2488: checking for a thread-safe mkdir -p
configure:2527: result: /bin/mkdir -p
configure:2540: checking for gawk
configure:2570: result: no
configure:2540: checking for mawk
configure:2556: found /usr/bin/mawk
configure:2567: result: mawk
configure:2578: checking whether make sets $(MAKE)
configure:2600: result: yes
configure:2681: checking whether to enable maintainer-specific portions of Makefiles
configure:2690: result: no
configure:2718: checking for style of include used by make
configure:2746: result: GNU
configure:2817: checking for gcc
configure:2833: found /usr/bin/gcc
configure:2844: result: gcc
configure:3073: checking for C compiler version
configure:3082: gcc --version >&5
gcc (Ubuntu/Linaro 4.7.3-1ubuntu1) 4.7.3
Copyright (C) 2012 Free Software Foundation, Inc.
This is free software; see the source for copying conditions.  There is NO
warranty; not even for MERCHANTABILITY or FITNESS FOR A PARTICULAR PURPOSE.

configure:3093: $? = 0
configure:3082: gcc -v >&5
Using built-in specs.
COLLECT_GCC=gcc
COLLECT_LTO_WRAPPER=/usr/lib/gcc/i686-linux-gnu/4.7/lto-wrapper
Target: i686-linux-gnu
Configured with: ../src/configure -v --with-pkgversion='Ubuntu/Linaro 4.7.3-1ubuntu1' --with-bugurl=file:///usr/share/doc/gcc-4.7/README.Bugs --enable-languages=c,c++,go,fortran,objc,obj-c++ --prefix=/usr --program-suffix=-4.7 --enable-shared --enable-linker-build-id --libexecdir=/usr/lib --without-included-gettext --enable-threads=posix --with-gxx-include-dir=/usr/include/c++/4.7 --libdir=/usr/lib --enable-nls --with-sysroot=/ --enable-clocale=gnu --enable-libstdcxx-debug --enable-libstdcxx-time=yes --enable-gnu-unique-object --enable-plugin --with-system-zlib --enable-objc-gc --enable-targets=all --with-cloog --enable-cloog-backend=ppl --disable-cloog-version-check --disable-ppl-version-check --enable-multiarch --disable-werror --with-arch-32=i686 --with-multilib-list=m32,m64,mx32 --with-tune=generic --enable-checking=release --build=i686-linux-gnu --host=i686-linux-gnu --target=i686-linux-gnu
Thread model: posix
gcc version 4.7.3 (Ubuntu/Linaro 4.7.3-1ubuntu1) 
configure:3093: $? = 0
configure:3082: gcc -V >&5
gcc: error: unrecognized command line option '-V'
gcc: fatal error: no input files
compilation terminated.
configure:3093: $? = 4
configure:3082: gcc -qversion >&5
gcc: error: unrecognized command line option '-qversion'
gcc: fatal error: no input files
compilation terminated.
configure:3093: $? = 4
configure:3113: checking whether the C compiler works
configure:3135: gcc    conftest.c  >&5
configure:3139: $? = 0
configure:3187: result: yes
configure:3190: checking for C compiler default output file name
configure:3192: result: a.out
configure:3198: checking for suffix of executables
configure:3205: gcc -o conftest    conftest.c  >&5
configure:3209: $? = 0
configure:3231: result: 
configure:3253: checking whether we are cross compiling
configure:3261: gcc -o conftest    conftest.c  >&5
configure:3265: $? = 0
configure:3272: ./conftest
configure:3276: $? = 0
configure:3291: result: no
configure:3296: checking for suffix of object files
configure:3318: gcc -c   conftest.c >&5
configure:3322: $? = 0
configure:3343: result: o
configure:3347: checking whether we are using the GNU C compiler
configure:3366: gcc -c   conftest.c >&5
configure:3366: $? = 0
configure:3375: result: yes
configure:3384: checking whether gcc accepts -g
configure:3404: gcc -c -g  conftest.c >&5
configure:3404: $? = 0
configure:3445: result: yes
configure:3462: checking for gcc option to accept ISO C89
configure:3525: gcc  -c -g -O2  conftest.c >&5
configure:3525: $? = 0
configure:3538: result: none needed
configure:3560: checking dependency style of gcc
configure:3671: result: gcc3
configure:3687: checking for library containing strerror
configure:3718: gcc -o conftest -g -O2   conftest.c  >&5
configure:3718: $? = 0
configure:3735: result: none required
configure:3791: checking for gcc
configure:3818: result: gcc
configure:4047: checking for C compiler version
configure:4056: gcc --version >&5
gcc (Ubuntu/Linaro 4.7.3-1ubuntu1) 4.7.3
Copyright (C) 2012 Free Software Foundation, Inc.
This is free software; see the source for copying conditions.  There is NO
warranty; not even for MERCHANTABILITY or FITNESS FOR A PARTICULAR PURPOSE.

configure:4067: $? = 0
configure:4056: gcc -v >&5
Using built-in specs.
COLLECT_GCC=gcc
COLLECT_LTO_WRAPPER=/usr/lib/gcc/i686-linux-gnu/4.7/lto-wrapper
Target: i686-linux-gnu
Configured with: ../src/configure -v --with-pkgversion='Ubuntu/Linaro 4.7.3-1ubuntu1' --with-bugurl=file:///usr/share/doc/gcc-4.7/README.Bugs --enable-languages=c,c++,go,fortran,objc,obj-c++ --prefix=/usr --program-suffix=-4.7 --enable-shared --enable-linker-build-id --libexecdir=/usr/lib --without-included-gettext --enable-threads=posix --with-gxx-include-dir=/usr/include/c++/4.7 --libdir=/usr/lib --enable-nls --with-sysroot=/ --enable-clocale=gnu --enable-libstdcxx-debug --enable-libstdcxx-time=yes --enable-gnu-unique-object --enable-plugin --with-system-zlib --enable-objc-gc --enable-targets=all --with-cloog --enable-cloog-backend=ppl --disable-cloog-version-check --disable-ppl-version-check --enable-multiarch --disable-werror --with-arch-32=i686 --with-multilib-list=m32,m64,mx32 --with-tune=generic --enable-checking=release --build=i686-linux-gnu --host=i686-linux-gnu --target=i686-linux-gnu
Thread model: posix
gcc version 4.7.3 (Ubuntu/Linaro 4.7.3-1ubuntu1) 
configure:4067: $? = 0
configure:4056: gcc -V >&5
gcc: error: unrecognized command line option '-V'
gcc: fatal error: no input files
compilation terminated.
configure:4067: $? = 4
configure:4056: gcc -qversion >&5
gcc: error: unrecognized command line option '-qversion'
gcc: fatal error: no input files
compilation terminated.
configure:4067: $? = 4
configure:4071: checking whether we are using the GNU C compiler
configure:4099: result: yes
configure:4108: checking whether gcc accepts -g
configure:4169: result: yes
configure:4186: checking for gcc option to accept ISO C89
configure:4262: result: none needed
configure:4284: checking dependency style of gcc
configure:4395: result: gcc3
configure:4458: checking for gcc
configure:4485: result: gcc
configure:4714: checking for C compiler version
configure:4723: gcc --version >&5
gcc (Ubuntu/Linaro 4.7.3-1ubuntu1) 4.7.3
Copyright (C) 2012 Free Software Foundation, Inc.
This is free software; see the source for copying conditions.  There is NO
warranty; not even for MERCHANTABILITY or FITNESS FOR A PARTICULAR PURPOSE.

configure:4734: $? = 0
configure:4723: gcc -v >&5
Using built-in specs.
COLLECT_GCC=gcc
COLLECT_LTO_WRAPPER=/usr/lib/gcc/i686-linux-gnu/4.7/lto-wrapper
Target: i686-linux-gnu
Configured with: ../src/configure -v --with-pkgversion='Ubuntu/Linaro 4.7.3-1ubuntu1' --with-bugurl=file:///usr/share/doc/gcc-4.7/README.Bugs --enable-languages=c,c++,go,fortran,objc,obj-c++ --prefix=/usr --program-suffix=-4.7 --enable-shared --enable-linker-build-id --libexecdir=/usr/lib --without-included-gettext --enable-threads=posix --with-gxx-include-dir=/usr/include/c++/4.7 --libdir=/usr/lib --enable-nls --with-sysroot=/ --enable-clocale=gnu --enable-libstdcxx-debug --enable-libstdcxx-time=yes --enable-gnu-unique-object --enable-plugin --with-system-zlib --enable-objc-gc --enable-targets=all --with-cloog --enable-cloog-backend=ppl --disable-cloog-version-check --disable-ppl-version-check --enable-multiarch --disable-werror --with-arch-32=i686 --with-multilib-list=m32,m64,mx32 --with-tune=generic --enable-checking=release --build=i686-linux-gnu --host=i686-linux-gnu --target=i686-linux-gnu
Thread model: posix
gcc version 4.7.3 (Ubuntu/Linaro 4.7.3-1ubuntu1) 
configure:4734: $? = 0
configure:4723: gcc -V >&5
gcc: error: unrecognized command line option '-V'
gcc: fatal error: no input files
compilation terminated.
configure:4734: $? = 4
configure:4723: gcc -qversion >&5
gcc: error: unrecognized command line option '-qversion'
gcc: fatal error: no input files
compilation terminated.
configure:4734: $? = 4
configure:4738: checking whether we are using the GNU C compiler
configure:4766: result: yes
configure:4775: checking whether gcc accepts -g
configure:4836: result: yes
configure:4853: checking for gcc option to accept ISO C89
configure:4929: result: none needed
configure:4951: checking dependency style of gcc
configure:5062: result: gcc3
configure:5085: checking how to run the C preprocessor
configure:5116: gcc -E  conftest.c
configure:5116: $? = 0
configure:5130: gcc -E  conftest.c
conftest.c:11:28: fatal error: ac_nonexistent.h: No such file or directory
compilation terminated.
configure:5130: $? = 1
configure: failed program was:
| /* confdefs.h */
| #define PACKAGE_NAME ""
| #define PACKAGE_TARNAME ""
| #define PACKAGE_VERSION ""
| #define PACKAGE_STRING ""
| #define PACKAGE_BUGREPORT ""
| #define PACKAGE_URL ""
| #define PACKAGE "gchat"
| #define VERSION "0.1"
| /* end confdefs.h.  */
| #include <ac_nonexistent.h>
configure:5155: result: gcc -E
configure:5175: gcc -E  conftest.c
configure:5175: $? = 0
configure:5189: gcc -E  conftest.c
conftest.c:11:28: fatal error: ac_nonexistent.h: No such file or directory
compilation terminated.
configure:5189: $? = 1
configure: failed program was:
| /* confdefs.h */
| #define PACKAGE_NAME ""
| #define PACKAGE_TARNAME ""
| #define PACKAGE_VERSION ""
| #define PACKAGE_STRING ""
| #define PACKAGE_BUGREPORT ""
| #define PACKAGE_URL ""
| #define PACKAGE "gchat"
| #define VERSION "0.1"
| /* end confdefs.h.  */
| #include <ac_nonexistent.h>
configure:5218: checking for grep that handles long lines and -e
configure:5276: result: /bin/grep
configure:5281: checking for egrep
configure:5343: result: /bin/grep -E
configure:5348: checking for ANSI C header files
configure:5368: gcc -c -g -O2  conftest.c >&5
configure:5368: $? = 0
configure:5441: gcc -o conftest -g -O2   conftest.c  >&5
configure:5441: $? = 0
configure:5441: ./conftest
configure:5441: $? = 0
configure:5452: result: yes
configure:5533: checking what warning flags to pass to the C compiler
configure:5535: result: -Wall -Wmissing-prototypes
configure:5546: checking what language compliance flags to pass to the C compiler
configure:5561: result: 
configure:5623: checking for pkg-config
configure:5641: found /usr/bin/pkg-config
configure:5653: result: /usr/bin/pkg-config
configure:5678: checking pkg-config is at least version 0.9.0
configure:5681: result: yes
configure:5691: checking for PACKAGE
configure:5698: $PKG_CONFIG --exists --print-errors "$pkg_modules"
configure:5701: $? = 0
configure:5715: $PKG_CONFIG --exists --print-errors "$pkg_modules"
configure:5718: $? = 0
configure:5776: result: yes
configure:5796: checking for sys/types.h
configure:5796: gcc -c -g -O2  conftest.c >&5
configure:5796: $? = 0
configure:5796: result: yes
configure:5796: checking for sys/stat.h
configure:5796: gcc -c -g -O2  conftest.c >&5
configure:5796: $? = 0
configure:5796: result: yes
configure:5796: checking for stdlib.h
configure:5796: gcc -c -g -O2  conftest.c >&5
configure:5796: $? = 0
configure:5796: result: yes
configure:5796: checking for string.h
configure:5796: gcc -c -g -O2  conftest.c >&5
configure:5796: $? = 0
configure:5796: result: yes
configure:5796: checking for memory.h
configure:5796: gcc -c -g -O2  conftest.c >&5
configure:5796: $? = 0
configure:5796: result: yes
configure:5796: checking for strings.h
configure:5796: gcc -c -g -O2  conftest.c >&5
configure:5796: $? = 0
configure:5796: result: yes
configure:5796: checking for inttypes.h
configure:5796: gcc -c -g -O2  conftest.c >&5
configure:5796: $? = 0
configure:5796: result: yes
configure:5796: checking for stdint.h
configure:5796: gcc -c -g -O2  conftest.c >&5
configure:5796: $? = 0
configure:5796: result: yes
configure:5796: checking for unistd.h
configure:5796: gcc -c -g -O2  conftest.c >&5
configure:5796: $? = 0
configure:5796: result: yes
configure:5811: checking locale.h usability
configure:5811: gcc -c -g -O2  conftest.c >&5
configure:5811: $? = 0
configure:5811: result: yes
configure:5811: checking locale.h presence
configure:5811: gcc -E  conftest.c
configure:5811: $? = 0
configure:5811: result: yes
configure:5811: checking for locale.h
configure:5811: result: yes
configure:5822: checking for LC_MESSAGES
configure:5838: gcc -o conftest -g -O2   conftest.c  >&5
configure:5838: $? = 0
configure:5846: result: yes
configure:5863: checking libintl.h usability
configure:5863: gcc -c -g -O2  conftest.c >&5
configure:5863: $? = 0
configure:5863: result: yes
configure:5863: checking libintl.h presence
configure:5863: gcc -E  conftest.c
configure:5863: $? = 0
configure:5863: result: yes
configure:5863: checking for libintl.h
configure:5863: result: yes
configure:5871: checking for ngettext in libc
configure:5889: gcc -o conftest -g -O2   conftest.c  >&5
configure:5889: $? = 0
configure:5898: result: yes
configure:5902: checking for dgettext in libc
configure:5920: gcc -o conftest -g -O2   conftest.c  >&5
configure:5920: $? = 0
configure:5929: result: yes
configure:5936: checking for bind_textdomain_codeset
configure:5936: gcc -o conftest -g -O2   conftest.c  >&5
configure:5936: $? = 0
configure:5936: result: yes
configure:6212: checking for msgfmt
configure:6239: result: /usr/bin/msgfmt
configure:6250: checking for dcgettext
configure:6250: gcc -o conftest -g -O2   conftest.c   >&5
conftest.c:49:6: warning: conflicting types for built-in function 'dcgettext' [enabled by default]
configure:6250: $? = 0
configure:6250: result: yes
configure:6260: checking if msgfmt accepts -c
configure:6275: $MSGFMT -c -o /dev/null conftest.foo
configure:6278: $? = 0
configure:6280: result: yes
configure:6290: checking for gmsgfmt
configure:6321: result: /usr/bin/msgfmt
configure:6331: checking for xgettext
configure:6358: result: /usr/bin/xgettext
configure:6377: gcc -o conftest -g -O2   conftest.c   >&5
configure:6377: $? = 0
configure:6661: creating ./config.status

## ---------------------- ##
## Running config.status. ##
## ---------------------- ##

This file was extended by config.status, which was
generated by GNU Autoconf 2.69.  Invocation command line was

  CONFIG_FILES    = 
  CONFIG_HEADERS  = 
  CONFIG_LINKS    = 
  CONFIG_COMMANDS = 
  $ ./config.status 

on ubuntu

config.status:892: creating Makefile
config.status:892: creating src/Makefile
config.status:892: creating po/Makefile.in
config.status:892: creating config.h
config.status:1073: config.h is unchanged
config.status:1121: executing depfiles commands
config.status:1121: executing default-1 commands

## ---------------- ##
## Cache variables. ##
## ---------------- ##

ac_cv_c_compiler_gnu=yes
ac_cv_env_CC_set=
ac_cv_env_CC_value=
ac_cv_env_CFLAGS_set=
ac_cv_env_CFLAGS_value=
ac_cv_env_CPPFLAGS_set=
ac_cv_env_CPPFLAGS_value=
ac_cv_env_CPP_set=
ac_cv_env_CPP_value=
ac_cv_env_LDFLAGS_set=
ac_cv_env_LDFLAGS_value=
ac_cv_env_LIBS_set=
ac_cv_env_LIBS_value=
ac_cv_env_PACKAGE_CFLAGS_set=
ac_cv_env_PACKAGE_CFLAGS_value=
ac_cv_env_PACKAGE_LIBS_set=
ac_cv_env_PACKAGE_LIBS_value=
ac_cv_env_PKG_CONFIG_LIBDIR_set=
ac_cv_env_PKG_CONFIG_LIBDIR_value=
ac_cv_env_PKG_CONFIG_PATH_set=
ac_cv_env_PKG_CONFIG_PATH_value=
ac_cv_env_PKG_CONFIG_set=
ac_cv_env_PKG_CONFIG_value=
ac_cv_env_build_alias_set=
ac_cv_env_build_alias_value=
ac_cv_env_host_alias_set=
ac_cv_env_host_alias_value=
ac_cv_env_target_alias_set=
ac_cv_env_target_alias_value=
ac_cv_func_bind_textdomain_codeset=yes
ac_cv_func_dcgettext=yes
ac_cv_header_inttypes_h=yes
ac_cv_header_libintl_h=yes
ac_cv_header_locale_h=yes
ac_cv_header_memory_h=yes
ac_cv_header_stdc=yes
ac_cv_header_stdint_h=yes
ac_cv_header_stdlib_h=yes
ac_cv_header_string_h=yes
ac_cv_header_strings_h=yes
ac_cv_header_sys_stat_h=yes
ac_cv_header_sys_types_h=yes
ac_cv_header_unistd_h=yes
ac_cv_objext=o
ac_cv_path_EGREP='/bin/grep -E'
ac_cv_path_GMSGFMT=/usr/bin/msgfmt
ac_cv_path_GREP=/bin/grep
ac_cv_path_MSGFMT=/usr/bin/msgfmt
ac_cv_path_XGETTEXT=/usr/bin/xgettext
ac_cv_path_ac_pt_PKG_CONFIG=/usr/bin/pkg-config
ac_cv_path_install='/usr/bin/install -c'
ac_cv_path_mkdir=/bin/mkdir
ac_cv_prog_AWK=mawk
ac_cv_prog_CPP='gcc -E'
ac_cv_prog_ac_ct_CC=gcc
ac_cv_prog_cc_c89=
ac_cv_prog_cc_g=yes
ac_cv_prog_make_make_set=yes
ac_cv_search_strerror='none required'
am_cv_CC_dependencies_compiler_type=gcc3
am_cv_prog_cc_stdc=
am_cv_val_LC_MESSAGES=yes
gt_cv_func_dgettext_libc=yes
gt_cv_func_dgettext_libintl=no
gt_cv_func_ngettext_libc=yes
gt_cv_have_gettext=yes
pkg_cv_PACKAGE_CFLAGS='-pthread -DORBIT2=1 -D_REENTRANT -I/usr/include/libgnomeui-2.0 -I/usr/include/libart-2.0 -I/usr/include/gconf/2 -I/usr/include/gnome-keyring-1 -I/usr/include/libgnome-2.0 -I/usr/include/libbonoboui-2.0 -I/usr/include/libgnomecanvas-2.0 -I/usr/include/gtk-2.0 -I/usr/include/gdk-pixbuf-2.0 -I/usr/include/gnome-vfs-2.0 -I/usr/lib/i386-linux-gnu/gnome-vfs-2.0/include -I/usr/include/dbus-1.0 -I/usr/lib/i386-linux-gnu/dbus-1.0/include -I/usr/include/glib-2.0 -I/usr/lib/i386-linux-gnu/glib-2.0/include -I/usr/include/orbit-2.0 -I/usr/include/libbonobo-2.0 -I/usr/include/bonobo-activation-2.0 -I/usr/include/libxml2 -I/usr/include/pango-1.0 -I/usr/include/gail-1.0 -I/usr/include/harfbuzz -I/usr/include/freetype2 -I/usr/include/atk-1.0 -I/usr/lib/i386-linux-gnu/gtk-2.0/include -I/usr/include/cairo -I/usr/include/gio-unix-2.0/ -I/usr/include/pixman-1 -I/usr/include/libpng12  '
pkg_cv_PACKAGE_LIBS='-pthread -lgnomeui-2 -lSM -lICE -lbonoboui-2 -lgnomevfs-2 -lgnomecanvas-2 -lgnome-2 -lpopt -lbonobo-2 -lbonobo-activation -lORBit-2 -lart_lgpl_2 -lgtk-x11-2.0 -lgdk-x11-2.0 -latk-1.0 -lgio-2.0 -lpangoft2-1.0 -lpangocairo-1.0 -lgdk_pixbuf-2.0 -lcairo -lpango-1.0 -lfreetype -lfontconfig -lgconf-2 -lgthread-2.0 -lgmodule-2.0 -lgobject-2.0 -lglib-2.0  '

## ----------------- ##
## Output variables. ##
## ----------------- ##

ACLOCAL='${SHELL} /home/jiangxin/lab03/gchat_client/missing --run aclocal-1.11'
AMDEPBACKSLASH='\'
AMDEP_FALSE='#'
AMDEP_TRUE=''
AMTAR='$${TAR-tar}'
AUTOCONF='${SHELL} /home/jiangxin/lab03/gchat_client/missing --run autoconf'
AUTOHEADER='${SHELL} /home/jiangxin/lab03/gchat_client/missing --run autoheader'
AUTOMAKE='${SHELL} /home/jiangxin/lab03/gchat_client/missing --run automake-1.11'
AWK='mawk'
CATALOGS=''
CATOBJEXT='.gmo'
CC='gcc'
CCDEPMODE='depmode=gcc3'
CFLAGS='-g -O2'
CPP='gcc -E'
CPPFLAGS=''
CYGPATH_W='echo'
DATADIRNAME='share'
DEFS='-DHAVE_CONFIG_H'
DEPDIR='.deps'
ECHO_C=''
ECHO_N='-n'
ECHO_T=''
EGREP='/bin/grep -E'
EXEEXT=''
GETTEXT_PACKAGE='gchat'
GMOFILES=''
GMSGFMT='/usr/bin/msgfmt'
GREP='/bin/grep'
INSTALL_DATA='${INSTALL} -m 644'
INSTALL_PROGRAM='${INSTALL}'
INSTALL_SCRIPT='${INSTALL}'
INSTALL_STRIP_PROGRAM='$(install_sh) -c -s'
INSTOBJEXT='.mo'
INTLLIBS=''
LDFLAGS=''
LIBOBJS=''
LIBS=''
LTLIBOBJS=''
MAINT='#'
MAINTAINER_MODE_FALSE=''
MAINTAINER_MODE_TRUE='#'
MAKEINFO='${SHELL} /home/jiangxin/lab03/gchat_client/missing --run makeinfo'
MKDIR_P='/bin/mkdir -p'
MKINSTALLDIRS='./mkinstalldirs'
MSGFMT='/usr/bin/msgfmt'
MSGFMT_OPTS='-c'
OBJEXT='o'
PACKAGE='gchat'
PACKAGE_BUGREPORT=''
PACKAGE_CFLAGS='-pthread -DORBIT2=1 -D_REENTRANT -I/usr/include/libgnomeui-2.0 -I/usr/include/libart-2.0 -I/usr/include/gconf/2 -I/usr/include/gnome-keyring-1 -I/usr/include/libgnome-2.0 -I/usr/include/libbonoboui-2.0 -I/usr/include/libgnomecanvas-2.0 -I/usr/include/gtk-2.0 -I/usr/include/gdk-pixbuf-2.0 -I/usr/include/gnome-vfs-2.0 -I/usr/lib/i386-linux-gnu/gnome-vfs-2.0/include -I/usr/include/dbus-1.0 -I/usr/lib/i386-linux-gnu/dbus-1.0/include -I/usr/include/glib-2.0 -I/usr/lib/i386-linux-gnu/glib-2.0/include -I/usr/include/orbit-2.0 -I/usr/include/libbonobo-2.0 -I/usr/include/bonobo-activation-2.0 -I/usr/include/libxml2 -I/usr/include/pango-1.0 -I/usr/include/gail-1.0 -I/usr/include/harfbuzz -I/usr/include/freetype2 -I/usr/include/atk-1.0 -I/usr/lib/i386-linux-gnu/gtk-2.0/include -I/usr/include/cairo -I/usr/include/gio-unix-2.0/ -I/usr/include/pixman-1 -I/usr/include/libpng12  '
PACKAGE_LIBS='-pthread -lgnomeui-2 -lSM -lICE -lbonoboui-2 -lgnomevfs-2 -lgnomecanvas-2 -lgnome-2 -lpopt -lbonobo-2 -lbonobo-activation -lORBit-2 -lart_lgpl_2 -lgtk-x11-2.0 -lgdk-x11-2.0 -latk-1.0 -lgio-2.0 -lpangoft2-1.0 -lpangocairo-1.0 -lgdk_pixbuf-2.0 -lcairo -lpango-1.0 -lfreetype -lfontconfig -lgconf-2 -lgthread-2.0 -lgmodule-2.0 -lgobject-2.0 -lglib-2.0  '
PACKAGE_NAME=''
PACKAGE_STRING=''
PACKAGE_TARNAME=''
PACKAGE_URL=''
PACKAGE_VERSION=''
PATH_SEPARATOR=':'
PKG_CONFIG='/usr/bin/pkg-config'
PKG_CONFIG_LIBDIR=''
PKG_CONFIG_PATH=''
POFILES=''
POSUB='po'
PO_IN_DATADIR_FALSE=''
PO_IN_DATADIR_TRUE=''
SET_MAKE=''
SHELL='/bin/bash'
STRIP=''
USE_NLS='yes'
VERSION='0.1'
WARN_CFLAGS='-Wall -Wmissing-prototypes '
XGETTEXT='/usr/bin/xgettext'
ac_ct_CC='gcc'
am__EXEEXT_FALSE=''
am__EXEEXT_TRUE='#'
am__fastdepCC_FALSE='#'
am__fastdepCC_TRUE=''
am__include='include'
am__isrc=''
am__leading_dot='.'
am__nodep='_no'
am__quote=''
am__tar='$${TAR-tar} chof - "$$tardir"'
am__untar='$${TAR-tar} xf -'
bindir='${exec_prefix}/bin'
build_alias=''
datadir='${datarootdir}'
datarootdir='${prefix}/share'
docdir='${datarootdir}/doc/${PACKAGE}'
dvidir='${docdir}'
exec_prefix='${prefix}'
host_alias=''
htmldir='${docdir}'
includedir='${prefix}/include'
infodir='${datarootdir}/info'
install_sh='${SHELL} /home/jiangxin/lab03/gchat_client/install-sh'
libdir='${exec_prefix}/lib'
libexecdir='${exec_prefix}/libexec'
localedir='${datarootdir}/locale'
localstatedir='${prefix}/var'
mandir='${datarootdir}/man'
mkdir_p='/bin/mkdir -p'
oldincludedir='/usr/include'
pdfdir='${docdir}'
prefix='/home/jiangxin/gchattest'
program_transform_name='s,x,x,'
psdir='${docdir}'
sbindir='${exec_prefix}/sbin'
sharedstatedir='${prefix}/com'
sysconfdir='${prefix}/etc'
target_alias=''

## ----------- ##
## confdefs.h. ##
## ----------- ##

/* confdefs.h */
#define PACKAGE_NAME ""
#define PACKAGE_TARNAME ""
#define PACKAGE_VERSION ""
#define PACKAGE_STRING ""
#define PACKAGE_BUGREPORT ""
#define PACKAGE_URL ""
#define PACKAGE "gchat"
#define VERSION "0.1"
#define STDC_HEADERS 1
#define GETTEXT_PACKAGE "gchat"
#define HAVE_SYS_TYPES_H 1
#define HAVE_SYS_STAT_H 1
#define HAVE_STDLIB_H 1
#define HAVE_STRING_H 1
#define HAVE_MEMORY_H 1
#define HAVE_STRINGS_H 1
#define HAVE_INTTYPES_H 1
#define HAVE_STDINT_H 1
#define HAVE_UNISTD_H 1
#define HAVE_LOCALE_H 1
#define HAVE_LC_MESSAGES 1
#define HAVE_BIND_TEXTDOMAIN_CODESET 1
#define HAVE_GETTEXT 1
#define HAVE_DCGETTEXT 1
#define ENABLE_NLS 1

configure: exit 0
